<?xml version="1.0" encoding="UTF-8"?>
<testsuite name="Pruebas del servicio de Organizaciones" tests="6" skipped="0" failures="0" errors="0" timestamp="2026-04-17T03:46:02.341Z" hostname="LAPTOP-ESGPM6RN" time="0.043">
  <properties/>
  <testcase name="PRUEBA 1 - Crear organización exitosamente" classname="com.archivex.archivex.business.service.OrganizationServiceTest" time="0.023"/>
  <testcase name="PRUEBA 5 - Listar todas las organizaciones" classname="com.archivex.archivex.business.service.OrganizationServiceTest" time="0.002"/>
  <testcase name="PRUEBA 3 - Obtener organización por ID existente" classname="com.archivex.archivex.business.service.OrganizationServiceTest" time="0.004"/>
  <testcase name="PRUEBA 6 - Eliminar organización existente" classname="com.archivex.archivex.business.service.OrganizationServiceTest" time="0.006"/>
  <testcase name="PRUEBA 4 - Lanzar excepción si organización no existe" classname="com.archivex.archivex.business.service.OrganizationServiceTest" time="0.002"/>
  <testcase name="PRUEBA 2 - No crear organización con dominio duplicado" classname="com.archivex.archivex.business.service.OrganizationServiceTest" time="0.003"/>
  <system-out><![CDATA[22:46:02.363 [Test worker] INFO com.archivex.archivex.business.service.impl.OrganizationServiceImpl -- Creando organización: Mi Empresa
22:46:02.364 [Test worker] INFO com.archivex.archivex.business.service.impl.OrganizationServiceImpl -- Organización creada con ID: 1
22:46:02.377 [Test worker] INFO com.archivex.archivex.business.service.impl.OrganizationServiceImpl -- Eliminando organización ID: 1
22:46:02.378 [Test worker] INFO com.archivex.archivex.business.service.impl.OrganizationServiceImpl -- Organización eliminada ID: 1
22:46:02.384 [Test worker] INFO com.archivex.archivex.business.service.impl.OrganizationServiceImpl -- Creando organización: Otra Empresa
]]></system-out>
  <system-err><![CDATA[]]></system-err>
</testsuite>
